#-----------------------------------------------------------
# Vivado v2018.2 (64-bit)
# SW Build 2258646 on Thu Jun 14 20:03:12 MDT 2018
# IP Build 2256618 on Thu Jun 14 22:10:49 MDT 2018
# Start of session at: Wed Dec 19 19:08:13 2018
# Process ID: 1500
# Current directory: C:/Users/Oliver/Documents/GitHub/Cronometro
# Command line: vivado.exe -gui_launcher_event rodinguilauncherevent1244 C:\Users\Oliver\Documents\GitHub\Cronometro\Cronometro.xpr
# Log file: C:/Users/Oliver/Documents/GitHub/Cronometro/vivado.log
# Journal file: C:/Users/Oliver/Documents/GitHub/Cronometro\vivado.jou
#-----------------------------------------------------------
start_gui
open_project C:/Users/Oliver/Documents/GitHub/Cronometro/Cronometro.xpr
Scanning sources...
Finished scanning sources
INFO: [IP_Flow 19-234] Refreshing IP repositories
INFO: [IP_Flow 19-1704] No user IP repositories specified
INFO: [IP_Flow 19-2313] Loaded Vivado IP repository 'D:/Xilinx/Vivado/2018.2/data/ip'.
open_project: Time (s): cpu = 00:00:15 ; elapsed = 00:00:22 . Memory (MB): peak = 736.922 ; gain = 69.379
update_compile_order -fileset sources_1
exit
INFO: [Common 17-206] Exiting Vivado at Wed Dec 19 22:43:00 2018...
