#-----------------------------------------------------------
# Vivado v2018.2 (64-bit)
# SW Build 2258646 on Thu Jun 14 20:03:12 MDT 2018
# IP Build 2256618 on Thu Jun 14 22:10:49 MDT 2018
# Start of session at: Wed Jan 16 12:39:33 2019
# Process ID: 12024
# Current directory: C:/Users/Oliver/Documents/GitHub/Cronometro
# Command line: vivado.exe -gui_launcher_event rodinguilauncherevent6760 C:\Users\Oliver\Documents\GitHub\Cronometro\Cronometro.xpr
# Log file: C:/Users/Oliver/Documents/GitHub/Cronometro/vivado.log
# Journal file: C:/Users/Oliver/Documents/GitHub/Cronometro\vivado.jou
#-----------------------------------------------------------
start_gui
open_project C:/Users/Oliver/Documents/GitHub/Cronometro/Cronometro.xpr
Scanning sources...
Finished scanning sources
INFO: [IP_Flow 19-234] Refreshing IP repositories
INFO: [IP_Flow 19-1704] No user IP repositories specified
INFO: [IP_Flow 19-2313] Loaded Vivado IP repository 'D:/Xilinx/Vivado/2018.2/data/ip'.
open_project: Time (s): cpu = 00:00:12 ; elapsed = 00:00:06 . Memory (MB): peak = 750.195 ; gain = 74.473
update_compile_order -fileset sources_1
exit
INFO: [Common 17-206] Exiting Vivado at Wed Jan 16 13:28:05 2019...
