#-----------------------------------------------------------
# Vivado v2018.2 (64-bit)
# SW Build 2258646 on Thu Jun 14 20:03:12 MDT 2018
# IP Build 2256618 on Thu Jun 14 22:10:49 MDT 2018
# Start of session at: Mon Dec 17 12:19:15 2018
# Process ID: 1204
# Current directory: C:/Users/Oliver/Documents/GitHub/Cronometro
# Command line: vivado.exe -gui_launcher_event rodinguilauncherevent4092 C:\Users\Oliver\Documents\GitHub\Cronometro\Cronometro.xpr
# Log file: C:/Users/Oliver/Documents/GitHub/Cronometro/vivado.log
# Journal file: C:/Users/Oliver/Documents/GitHub/Cronometro\vivado.jou
#-----------------------------------------------------------
start_gui
open_project C:/Users/Oliver/Documents/GitHub/Cronometro/Cronometro.xpr
Scanning sources...
Finished scanning sources
INFO: [IP_Flow 19-234] Refreshing IP repositories
INFO: [IP_Flow 19-1704] No user IP repositories specified
INFO: [IP_Flow 19-2313] Loaded Vivado IP repository 'D:/Xilinx/Vivado/2018.2/data/ip'.
open_project: Time (s): cpu = 00:00:10 ; elapsed = 00:00:29 . Memory (MB): peak = 707.441 ; gain = 57.348
create_ip -name c_counter_binary -vendor xilinx.com -library ip -version 12.0 -module_name c_counter_binary_0 -dir c:/Users/Oliver/Documents/GitHub/Cronometro/Cronometro.srcs/sources_1/ip
set_property -dict [list CONFIG.Output_Width {4} CONFIG.Restrict_Count {false} CONFIG.Count_Mode {UPDOWN} CONFIG.SCLR {false} CONFIG.Load {true}] [get_ips c_counter_binary_0]
generate_target {instantiation_template} [get_files c:/Users/Oliver/Documents/GitHub/Cronometro/Cronometro.srcs/sources_1/ip/c_counter_binary_0/c_counter_binary_0.xci]
INFO: [IP_Flow 19-1686] Generating 'Instantiation Template' target for IP 'c_counter_binary_0'...
generate_target all [get_files  c:/Users/Oliver/Documents/GitHub/Cronometro/Cronometro.srcs/sources_1/ip/c_counter_binary_0/c_counter_binary_0.xci]
INFO: [IP_Flow 19-1686] Generating 'Synthesis' target for IP 'c_counter_binary_0'...
INFO: [IP_Flow 19-1686] Generating 'Simulation' target for IP 'c_counter_binary_0'...
INFO: [IP_Flow 19-1686] Generating 'Change Log' target for IP 'c_counter_binary_0'...
catch { config_ip_cache -export [get_ips -all c_counter_binary_0] }
export_ip_user_files -of_objects [get_files c:/Users/Oliver/Documents/GitHub/Cronometro/Cronometro.srcs/sources_1/ip/c_counter_binary_0/c_counter_binary_0.xci] -no_script -sync -force -quiet
create_ip_run [get_files -of_objects [get_fileset sources_1] c:/Users/Oliver/Documents/GitHub/Cronometro/Cronometro.srcs/sources_1/ip/c_counter_binary_0/c_counter_binary_0.xci]
launch_runs -jobs 4 c_counter_binary_0_synth_1
[Mon Dec 17 12:41:03 2018] Launched c_counter_binary_0_synth_1...
Run output will be captured here: C:/Users/Oliver/Documents/GitHub/Cronometro/Cronometro.runs/c_counter_binary_0_synth_1/runme.log
export_simulation -of_objects [get_files c:/Users/Oliver/Documents/GitHub/Cronometro/Cronometro.srcs/sources_1/ip/c_counter_binary_0/c_counter_binary_0.xci] -directory C:/Users/Oliver/Documents/GitHub/Cronometro/Cronometro.ip_user_files/sim_scripts -ip_user_files_dir C:/Users/Oliver/Documents/GitHub/Cronometro/Cronometro.ip_user_files -ipstatic_source_dir C:/Users/Oliver/Documents/GitHub/Cronometro/Cronometro.ip_user_files/ipstatic -lib_map_path [list {modelsim=C:/Users/Oliver/Documents/GitHub/Cronometro/Cronometro.cache/compile_simlib/modelsim} {questa=C:/Users/Oliver/Documents/GitHub/Cronometro/Cronometro.cache/compile_simlib/questa} {riviera=C:/Users/Oliver/Documents/GitHub/Cronometro/Cronometro.cache/compile_simlib/riviera} {activehdl=C:/Users/Oliver/Documents/GitHub/Cronometro/Cronometro.cache/compile_simlib/activehdl}] -use_ip_compiled_libs -force -quiet
update_compile_order -fileset sources_1
file mkdir C:/Users/Oliver/Documents/GitHub/Cronometro/Cronometro.srcs/sources_1/new
close [ open C:/Users/Oliver/Documents/GitHub/Cronometro/Cronometro.srcs/sources_1/new/contador_top.vhd w ]
add_files C:/Users/Oliver/Documents/GitHub/Cronometro/Cronometro.srcs/sources_1/new/contador_top.vhd
exit
INFO: [Common 17-206] Exiting Vivado at Mon Dec 17 13:08:00 2018...
