#-----------------------------------------------------------
# Vivado v2018.2 (64-bit)
# SW Build 2258646 on Thu Jun 14 20:03:12 MDT 2018
# IP Build 2256618 on Thu Jun 14 22:10:49 MDT 2018
# Start of session at: Mon Dec 17 13:08:02 2018
# Process ID: 3508
# Current directory: C:/Users/Oliver/Documents/GitHub/Cronometro
# Command line: vivado.exe -gui_launcher_event rodinguilauncherevent8344 C:\Users\Oliver\Documents\GitHub\Cronometro\Cronometro.xpr
# Log file: C:/Users/Oliver/Documents/GitHub/Cronometro/vivado.log
# Journal file: C:/Users/Oliver/Documents/GitHub/Cronometro\vivado.jou
#-----------------------------------------------------------
start_gui
open_project C:/Users/Oliver/Documents/GitHub/Cronometro/Cronometro.xpr
Scanning sources...
Finished scanning sources
INFO: [IP_Flow 19-234] Refreshing IP repositories
INFO: [IP_Flow 19-1704] No user IP repositories specified
INFO: [IP_Flow 19-2313] Loaded Vivado IP repository 'D:/Xilinx/Vivado/2018.2/data/ip'.
open_project: Time (s): cpu = 00:00:10 ; elapsed = 00:00:06 . Memory (MB): peak = 755.371 ; gain = 82.215
update_compile_order -fileset sources_1
update_ip_catalog
update_ip_catalog
export_ip_user_files -of_objects  [get_files C:/Users/Oliver/Documents/GitHub/Cronometro/Cronometro.srcs/sources_1/ip/c_counter_binary_0/c_counter_binary_0.xci] -no_script -reset -force -quiet
remove_files  -fileset c_counter_binary_0 C:/Users/Oliver/Documents/GitHub/Cronometro/Cronometro.srcs/sources_1/ip/c_counter_binary_0/c_counter_binary_0.xci
INFO: [Project 1-386] Moving file 'C:/Users/Oliver/Documents/GitHub/Cronometro/Cronometro.srcs/sources_1/ip/c_counter_binary_0/c_counter_binary_0.xci' from fileset 'c_counter_binary_0' to fileset 'sources_1'.
remove_files  C:/Users/Oliver/Documents/GitHub/Cronometro/Cronometro.srcs/sources_1/ip/c_counter_binary_0/c_counter_binary_0.xci
WARNING: [Vivado 12-818] No files matched 'C:/Users/Oliver/Documents/GitHub/Cronometro/Cronometro.srcs/sources_1/ip/c_counter_binary_0/c_counter_binary_0.xci'
file delete -force C:/Users/Oliver/Documents/GitHub/Cronometro/Cronometro.srcs/sources_1/ip/c_counter_binary_0/c_counter_binary_0.xci
close [ open C:/Users/Oliver/Documents/GitHub/Cronometro/Cronometro.srcs/sources_1/new/counter.vhd w ]
add_files C:/Users/Oliver/Documents/GitHub/Cronometro/Cronometro.srcs/sources_1/new/counter.vhd
update_compile_order -fileset sources_1
update_ip_catalog
update_ip_catalog
update_ip_catalog
update_ip_catalog
update_ip_catalog
file mkdir C:/Users/Oliver/Documents/GitHub/Cronometro/Cronometro.srcs/sim_1/new
set_property SOURCE_SET sources_1 [get_filesets sim_1]
close [ open C:/Users/Oliver/Documents/GitHub/Cronometro/Cronometro.srcs/sim_1/new/counter_tb.vhd w ]
add_files -fileset sim_1 C:/Users/Oliver/Documents/GitHub/Cronometro/Cronometro.srcs/sim_1/new/counter_tb.vhd
update_compile_order -fileset sim_1
exit
INFO: [Common 17-206] Exiting Vivado at Mon Dec 17 13:54:54 2018...
