#-----------------------------------------------------------
# Vivado v2018.2 (64-bit)
# SW Build 2258646 on Thu Jun 14 20:03:12 MDT 2018
# IP Build 2256618 on Thu Jun 14 22:10:49 MDT 2018
# Start of session at: Thu Jan 17 12:09:44 2019
# Process ID: 14124
# Current directory: C:/Users/Oliver/Documents/GitHub/Cronometro
# Command line: vivado.exe -gui_launcher_event rodinguilauncherevent6564 C:\Users\Oliver\Documents\GitHub\Cronometro\Cronometro.xpr
# Log file: C:/Users/Oliver/Documents/GitHub/Cronometro/vivado.log
# Journal file: C:/Users/Oliver/Documents/GitHub/Cronometro\vivado.jou
#-----------------------------------------------------------
start_gui
open_project C:/Users/Oliver/Documents/GitHub/Cronometro/Cronometro.xpr
Scanning sources...
Finished scanning sources
INFO: [IP_Flow 19-234] Refreshing IP repositories
INFO: [IP_Flow 19-1704] No user IP repositories specified
INFO: [IP_Flow 19-2313] Loaded Vivado IP repository 'D:/Xilinx/Vivado/2018.2/data/ip'.
open_project: Time (s): cpu = 00:00:16 ; elapsed = 00:00:15 . Memory (MB): peak = 727.711 ; gain = 69.738
update_compile_order -fileset sources_1
exit
INFO: [Common 17-206] Exiting Vivado at Thu Jan 17 12:13:23 2019...
