#-----------------------------------------------------------
# Vivado v2018.2 (64-bit)
# SW Build 2258646 on Thu Jun 14 20:03:12 MDT 2018
# IP Build 2256618 on Thu Jun 14 22:10:49 MDT 2018
# Start of session at: Thu Dec 27 15:02:13 2018
# Process ID: 2420
# Current directory: C:/Users/Oliver/Documents/GitHub/Cronometro
# Command line: vivado.exe -gui_launcher_event rodinguilauncherevent6240 C:\Users\Oliver\Documents\GitHub\Cronometro\Cronometro.xpr
# Log file: C:/Users/Oliver/Documents/GitHub/Cronometro/vivado.log
# Journal file: C:/Users/Oliver/Documents/GitHub/Cronometro\vivado.jou
#-----------------------------------------------------------
start_gui
open_project C:/Users/Oliver/Documents/GitHub/Cronometro/Cronometro.xpr
Scanning sources...
Finished scanning sources
INFO: [IP_Flow 19-234] Refreshing IP repositories
INFO: [IP_Flow 19-1704] No user IP repositories specified
INFO: [IP_Flow 19-2313] Loaded Vivado IP repository 'D:/Xilinx/Vivado/2018.2/data/ip'.
open_project: Time (s): cpu = 00:00:13 ; elapsed = 00:00:21 . Memory (MB): peak = 750.211 ; gain = 93.621
update_compile_order -fileset sources_1
close [ open C:/Users/Oliver/Documents/GitHub/Cronometro/Cronometro.srcs/sources_1/new/debouncer.vhd w ]
add_files C:/Users/Oliver/Documents/GitHub/Cronometro/Cronometro.srcs/sources_1/new/debouncer.vhd
update_compile_order -fileset sources_1
set_property SOURCE_SET sources_1 [get_filesets sim_1]
close [ open C:/Users/Oliver/Documents/GitHub/Cronometro/Cronometro.srcs/sim_1/new/debouncer_tb.vhd w ]
add_files -fileset sim_1 C:/Users/Oliver/Documents/GitHub/Cronometro/Cronometro.srcs/sim_1/new/debouncer_tb.vhd
update_compile_order -fileset sim_1
set_property top debouncer [current_fileset]
update_compile_order -fileset sources_1
set_property top debouncer_tb [get_filesets sim_1]
set_property top_lib xil_defaultlib [get_filesets sim_1]
update_compile_order -fileset sim_1
launch_simulation
INFO: [Vivado 12-5682] Launching behavioral simulation in 'C:/Users/Oliver/Documents/GitHub/Cronometro/Cronometro.sim/sim_1/behav/xsim'
INFO: [SIM-utils-51] Simulation object is 'sim_1'
INFO: [SIM-utils-54] Inspecting design source files for 'debouncer_tb' in fileset 'sim_1'...
INFO: [USF-XSim-97] Finding global include files...
INFO: [USF-XSim-98] Fetching design files from 'sim_1'...
INFO: [USF-XSim-2] XSim::Compile design
INFO: [USF-XSim-61] Executing 'COMPILE and ANALYZE' step in 'C:/Users/Oliver/Documents/GitHub/Cronometro/Cronometro.sim/sim_1/behav/xsim'
"xvhdl --incr --relax -prj debouncer_tb_vhdl.prj"
INFO: [VRFC 10-163] Analyzing VHDL file "C:/Users/Oliver/Documents/GitHub/Cronometro/Cronometro.srcs/sources_1/new/debouncer.vhd" into library xil_defaultlib
INFO: [VRFC 10-307] analyzing entity debouncer
INFO: [VRFC 10-163] Analyzing VHDL file "C:/Users/Oliver/Documents/GitHub/Cronometro/Cronometro.srcs/sim_1/new/debouncer_tb.vhd" into library xil_defaultlib
INFO: [VRFC 10-307] analyzing entity debouncer_tb
INFO: [USF-XSim-69] 'compile' step finished in '4' seconds
INFO: [USF-XSim-3] XSim::Elaborate design
INFO: [USF-XSim-61] Executing 'ELABORATE' step in 'C:/Users/Oliver/Documents/GitHub/Cronometro/Cronometro.sim/sim_1/behav/xsim'
Vivado Simulator 2018.2
Copyright 1986-1999, 2001-2018 Xilinx, Inc. All Rights Reserved.
Running: D:/Xilinx/Vivado/2018.2/bin/unwrapped/win64.o/xelab.exe -wto 46b5feb112264539bcd058e79275b368 --incr --debug typical --relax --mt 2 -L xil_defaultlib -L secureip --snapshot debouncer_tb_behav xil_defaultlib.debouncer_tb -log elaborate.log 
Using 2 slave threads.
Starting static elaboration
Completed static elaboration
Starting simulation data flow analysis
Completed simulation data flow analysis
Time Resolution for simulation is 1ps
Compiling package std.standard
Compiling package std.textio
Compiling package ieee.std_logic_1164
Compiling architecture behavioral of entity xil_defaultlib.debouncer [debouncer_default]
Compiling architecture behavioral of entity xil_defaultlib.debouncer_tb
Built simulation snapshot debouncer_tb_behav

****** Webtalk v2018.2 (64-bit)
  **** SW Build 2258646 on Thu Jun 14 20:03:12 MDT 2018
  **** IP Build 2256618 on Thu Jun 14 22:10:49 MDT 2018
    ** Copyright 1986-2018 Xilinx, Inc. All Rights Reserved.

source C:/Users/Oliver/Documents/GitHub/Cronometro/Cronometro.sim/sim_1/behav/xsim/xsim.dir/debouncer_tb_behav/webtalk/xsim_webtalk.tcl -notrace
INFO: [Common 17-206] Exiting Webtalk at Thu Dec 27 15:57:24 2018...
run_program: Time (s): cpu = 00:00:00 ; elapsed = 00:00:09 . Memory (MB): peak = 789.199 ; gain = 0.000
INFO: [USF-XSim-69] 'elaborate' step finished in '9' seconds
INFO: [USF-XSim-4] XSim::Simulate design
INFO: [USF-XSim-61] Executing 'SIMULATE' step in 'C:/Users/Oliver/Documents/GitHub/Cronometro/Cronometro.sim/sim_1/behav/xsim'
INFO: [USF-XSim-98] *** Running xsim
   with args "debouncer_tb_behav -key {Behavioral:sim_1:Functional:debouncer_tb} -tclbatch {debouncer_tb.tcl} -log {simulate.log}"
INFO: [USF-XSim-8] Loading simulator feature
Vivado Simulator 2018.2
Time resolution is 1 ps
source debouncer_tb.tcl
# set curr_wave [current_wave_config]
# if { [string length $curr_wave] == 0 } {
#   if { [llength [get_objects]] > 0} {
#     add_wave /
#     set_property needs_save false [current_wave_config]
#   } else {
#      send_msg_id Add_Wave-1 WARNING "No top level signals found. Simulator will start without a wave window. If you want to open a wave window go to 'File->New Waveform Configuration' or type 'create_wave_config' in the TCL console."
#   }
# }
# run 600 ms
INFO: [USF-XSim-96] XSim completed. Design snapshot 'debouncer_tb_behav' loaded.
INFO: [USF-XSim-97] XSim simulation ran for 600 ms
launch_simulation: Time (s): cpu = 00:00:04 ; elapsed = 00:00:18 . Memory (MB): peak = 800.305 ; gain = 11.105
add_bp {C:/Users/Oliver/Documents/GitHub/Cronometro/Cronometro.srcs/sources_1/new/debouncer.vhd} 52
remove_bps -file {C:/Users/Oliver/Documents/GitHub/Cronometro/Cronometro.srcs/sources_1/new/debouncer.vhd} -line 52
close_sim
INFO: [Simtcl 6-16] Simulation closed
launch_simulation
INFO: [Vivado 12-5682] Launching behavioral simulation in 'C:/Users/Oliver/Documents/GitHub/Cronometro/Cronometro.sim/sim_1/behav/xsim'
INFO: [SIM-utils-51] Simulation object is 'sim_1'
INFO: [SIM-utils-54] Inspecting design source files for 'debouncer_tb' in fileset 'sim_1'...
INFO: [USF-XSim-97] Finding global include files...
INFO: [USF-XSim-98] Fetching design files from 'sim_1'...
INFO: [USF-XSim-2] XSim::Compile design
INFO: [USF-XSim-61] Executing 'COMPILE and ANALYZE' step in 'C:/Users/Oliver/Documents/GitHub/Cronometro/Cronometro.sim/sim_1/behav/xsim'
"xvhdl --incr --relax -prj debouncer_tb_vhdl.prj"
INFO: [VRFC 10-163] Analyzing VHDL file "C:/Users/Oliver/Documents/GitHub/Cronometro/Cronometro.srcs/sources_1/new/debouncer.vhd" into library xil_defaultlib
INFO: [VRFC 10-307] analyzing entity debouncer
INFO: [USF-XSim-69] 'compile' step finished in '2' seconds
INFO: [USF-XSim-3] XSim::Elaborate design
INFO: [USF-XSim-61] Executing 'ELABORATE' step in 'C:/Users/Oliver/Documents/GitHub/Cronometro/Cronometro.sim/sim_1/behav/xsim'
Vivado Simulator 2018.2
Copyright 1986-1999, 2001-2018 Xilinx, Inc. All Rights Reserved.
Running: D:/Xilinx/Vivado/2018.2/bin/unwrapped/win64.o/xelab.exe -wto 46b5feb112264539bcd058e79275b368 --incr --debug typical --relax --mt 2 -L xil_defaultlib -L secureip --snapshot debouncer_tb_behav xil_defaultlib.debouncer_tb -log elaborate.log 
Using 2 slave threads.
Starting static elaboration
Completed static elaboration
Starting simulation data flow analysis
Completed simulation data flow analysis
Time Resolution for simulation is 1ps
Compiling package std.standard
Compiling package std.textio
Compiling package ieee.std_logic_1164
Compiling architecture behavioral of entity xil_defaultlib.debouncer [debouncer_default]
Compiling architecture behavioral of entity xil_defaultlib.debouncer_tb
Built simulation snapshot debouncer_tb_behav
INFO: [USF-XSim-69] 'elaborate' step finished in '2' seconds
INFO: [USF-XSim-4] XSim::Simulate design
INFO: [USF-XSim-61] Executing 'SIMULATE' step in 'C:/Users/Oliver/Documents/GitHub/Cronometro/Cronometro.sim/sim_1/behav/xsim'
INFO: [USF-XSim-98] *** Running xsim
   with args "debouncer_tb_behav -key {Behavioral:sim_1:Functional:debouncer_tb} -tclbatch {debouncer_tb.tcl} -log {simulate.log}"
INFO: [USF-XSim-8] Loading simulator feature
Vivado Simulator 2018.2
Time resolution is 1 ps
source debouncer_tb.tcl
# set curr_wave [current_wave_config]
# if { [string length $curr_wave] == 0 } {
#   if { [llength [get_objects]] > 0} {
#     add_wave /
#     set_property needs_save false [current_wave_config]
#   } else {
#      send_msg_id Add_Wave-1 WARNING "No top level signals found. Simulator will start without a wave window. If you want to open a wave window go to 'File->New Waveform Configuration' or type 'create_wave_config' in the TCL console."
#   }
# }
# run 600 ms
INFO: [USF-XSim-96] XSim completed. Design snapshot 'debouncer_tb_behav' loaded.
INFO: [USF-XSim-97] XSim simulation ran for 600 ms
launch_simulation: Time (s): cpu = 00:00:01 ; elapsed = 00:00:06 . Memory (MB): peak = 809.883 ; gain = 1.441
close [ open C:/Users/Oliver/Documents/GitHub/Cronometro/Cronometro.srcs/sources_1/new/synchronizer.vhd w ]
add_files C:/Users/Oliver/Documents/GitHub/Cronometro/Cronometro.srcs/sources_1/new/synchronizer.vhd
update_compile_order -fileset sources_1
set_property SOURCE_SET sources_1 [get_filesets sim_1]
close [ open C:/Users/Oliver/Documents/GitHub/Cronometro/Cronometro.srcs/sim_1/new/synchronizer_tb.vhd w ]
add_files -fileset sim_1 C:/Users/Oliver/Documents/GitHub/Cronometro/Cronometro.srcs/sim_1/new/synchronizer_tb.vhd
update_compile_order -fileset sim_1
set_property top synchronizer [current_fileset]
update_compile_order -fileset sources_1
set_property top synchronizer_tb [get_filesets sim_1]
set_property top_lib xil_defaultlib [get_filesets sim_1]
update_compile_order -fileset sim_1
launch_simulation
INFO: [Vivado 12-5682] Launching behavioral simulation in 'C:/Users/Oliver/Documents/GitHub/Cronometro/Cronometro.sim/sim_1/behav/xsim'
INFO: [SIM-utils-51] Simulation object is 'sim_1'
INFO: [SIM-utils-54] Inspecting design source files for 'synchronizer_tb' in fileset 'sim_1'...
INFO: [USF-XSim-97] Finding global include files...
INFO: [USF-XSim-98] Fetching design files from 'sim_1'...
INFO: [USF-XSim-2] XSim::Compile design
INFO: [USF-XSim-61] Executing 'COMPILE and ANALYZE' step in 'C:/Users/Oliver/Documents/GitHub/Cronometro/Cronometro.sim/sim_1/behav/xsim'
"xvhdl --incr --relax -prj synchronizer_tb_vhdl.prj"
INFO: [VRFC 10-163] Analyzing VHDL file "C:/Users/Oliver/Documents/GitHub/Cronometro/Cronometro.srcs/sources_1/new/synchronizer.vhd" into library xil_defaultlib
INFO: [VRFC 10-307] analyzing entity synchronizer
INFO: [VRFC 10-163] Analyzing VHDL file "C:/Users/Oliver/Documents/GitHub/Cronometro/Cronometro.srcs/sim_1/new/synchronizer_tb.vhd" into library xil_defaultlib
INFO: [VRFC 10-307] analyzing entity synchronizer_tb
INFO: [USF-XSim-69] 'compile' step finished in '2' seconds
INFO: [USF-XSim-3] XSim::Elaborate design
INFO: [USF-XSim-61] Executing 'ELABORATE' step in 'C:/Users/Oliver/Documents/GitHub/Cronometro/Cronometro.sim/sim_1/behav/xsim'
Vivado Simulator 2018.2
Copyright 1986-1999, 2001-2018 Xilinx, Inc. All Rights Reserved.
Running: D:/Xilinx/Vivado/2018.2/bin/unwrapped/win64.o/xelab.exe -wto 46b5feb112264539bcd058e79275b368 --incr --debug typical --relax --mt 2 -L xil_defaultlib -L secureip --snapshot synchronizer_tb_behav xil_defaultlib.synchronizer_tb -log elaborate.log 
Using 2 slave threads.
Starting static elaboration
Completed static elaboration
Starting simulation data flow analysis
Completed simulation data flow analysis
Time Resolution for simulation is 1ps
Compiling package std.standard
Compiling package std.textio
Compiling package ieee.std_logic_1164
Compiling architecture behavioral of entity xil_defaultlib.synchronizer [synchronizer_default]
Compiling architecture behavioral of entity xil_defaultlib.synchronizer_tb
Built simulation snapshot synchronizer_tb_behav

****** Webtalk v2018.2 (64-bit)
  **** SW Build 2258646 on Thu Jun 14 20:03:12 MDT 2018
  **** IP Build 2256618 on Thu Jun 14 22:10:49 MDT 2018
    ** Copyright 1986-2018 Xilinx, Inc. All Rights Reserved.

source C:/Users/Oliver/Documents/GitHub/Cronometro/Cronometro.sim/sim_1/behav/xsim/xsim.dir/synchronizer_tb_behav/webtalk/xsim_webtalk.tcl -notrace
INFO: [Common 17-206] Exiting Webtalk at Thu Dec 27 16:45:35 2018...
INFO: [USF-XSim-69] 'elaborate' step finished in '4' seconds
INFO: [USF-XSim-4] XSim::Simulate design
INFO: [USF-XSim-61] Executing 'SIMULATE' step in 'C:/Users/Oliver/Documents/GitHub/Cronometro/Cronometro.sim/sim_1/behav/xsim'
INFO: [USF-XSim-98] *** Running xsim
   with args "synchronizer_tb_behav -key {Behavioral:sim_1:Functional:synchronizer_tb} -tclbatch {synchronizer_tb.tcl} -log {simulate.log}"
INFO: [USF-XSim-8] Loading simulator feature
Vivado Simulator 2018.2
Time resolution is 1 ps
source synchronizer_tb.tcl
# set curr_wave [current_wave_config]
# if { [string length $curr_wave] == 0 } {
#   if { [llength [get_objects]] > 0} {
#     add_wave /
#     set_property needs_save false [current_wave_config]
#   } else {
#      send_msg_id Add_Wave-1 WARNING "No top level signals found. Simulator will start without a wave window. If you want to open a wave window go to 'File->New Waveform Configuration' or type 'create_wave_config' in the TCL console."
#   }
# }
# run 600 ms
INFO: [USF-XSim-96] XSim completed. Design snapshot 'synchronizer_tb_behav' loaded.
INFO: [USF-XSim-97] XSim simulation ran for 600 ms
launch_simulation: Time (s): cpu = 00:00:01 ; elapsed = 00:00:08 . Memory (MB): peak = 825.641 ; gain = 10.105
close_sim
INFO: [Simtcl 6-16] Simulation closed
launch_simulation
INFO: [Vivado 12-5682] Launching behavioral simulation in 'C:/Users/Oliver/Documents/GitHub/Cronometro/Cronometro.sim/sim_1/behav/xsim'
INFO: [SIM-utils-51] Simulation object is 'sim_1'
INFO: [SIM-utils-54] Inspecting design source files for 'synchronizer_tb' in fileset 'sim_1'...
INFO: [USF-XSim-97] Finding global include files...
INFO: [USF-XSim-98] Fetching design files from 'sim_1'...
INFO: [USF-XSim-2] XSim::Compile design
INFO: [USF-XSim-61] Executing 'COMPILE and ANALYZE' step in 'C:/Users/Oliver/Documents/GitHub/Cronometro/Cronometro.sim/sim_1/behav/xsim'
"xvhdl --incr --relax -prj synchronizer_tb_vhdl.prj"
INFO: [VRFC 10-163] Analyzing VHDL file "C:/Users/Oliver/Documents/GitHub/Cronometro/Cronometro.srcs/sim_1/new/synchronizer_tb.vhd" into library xil_defaultlib
INFO: [VRFC 10-307] analyzing entity synchronizer_tb
INFO: [USF-XSim-69] 'compile' step finished in '1' seconds
INFO: [USF-XSim-3] XSim::Elaborate design
INFO: [USF-XSim-61] Executing 'ELABORATE' step in 'C:/Users/Oliver/Documents/GitHub/Cronometro/Cronometro.sim/sim_1/behav/xsim'
Vivado Simulator 2018.2
Copyright 1986-1999, 2001-2018 Xilinx, Inc. All Rights Reserved.
Running: D:/Xilinx/Vivado/2018.2/bin/unwrapped/win64.o/xelab.exe -wto 46b5feb112264539bcd058e79275b368 --incr --debug typical --relax --mt 2 -L xil_defaultlib -L secureip --snapshot synchronizer_tb_behav xil_defaultlib.synchronizer_tb -log elaborate.log 
Using 2 slave threads.
Starting static elaboration
Completed static elaboration
Starting simulation data flow analysis
Completed simulation data flow analysis
Time Resolution for simulation is 1ps
Compiling package std.standard
Compiling package std.textio
Compiling package ieee.std_logic_1164
Compiling architecture behavioral of entity xil_defaultlib.synchronizer [synchronizer_default]
Compiling architecture behavioral of entity xil_defaultlib.synchronizer_tb
Built simulation snapshot synchronizer_tb_behav
INFO: [USF-XSim-69] 'elaborate' step finished in '2' seconds
INFO: [USF-XSim-4] XSim::Simulate design
INFO: [USF-XSim-61] Executing 'SIMULATE' step in 'C:/Users/Oliver/Documents/GitHub/Cronometro/Cronometro.sim/sim_1/behav/xsim'
INFO: [USF-XSim-98] *** Running xsim
   with args "synchronizer_tb_behav -key {Behavioral:sim_1:Functional:synchronizer_tb} -tclbatch {synchronizer_tb.tcl} -log {simulate.log}"
INFO: [USF-XSim-8] Loading simulator feature
Vivado Simulator 2018.2
Time resolution is 1 ps
source synchronizer_tb.tcl
# set curr_wave [current_wave_config]
# if { [string length $curr_wave] == 0 } {
#   if { [llength [get_objects]] > 0} {
#     add_wave /
#     set_property needs_save false [current_wave_config]
#   } else {
#      send_msg_id Add_Wave-1 WARNING "No top level signals found. Simulator will start without a wave window. If you want to open a wave window go to 'File->New Waveform Configuration' or type 'create_wave_config' in the TCL console."
#   }
# }
# run 600 ms
INFO: [USF-XSim-96] XSim completed. Design snapshot 'synchronizer_tb_behav' loaded.
INFO: [USF-XSim-97] XSim simulation ran for 600 ms
launch_simulation: Time (s): cpu = 00:00:01 ; elapsed = 00:00:06 . Memory (MB): peak = 830.605 ; gain = 0.000
close_sim
INFO: [Simtcl 6-16] Simulation closed
launch_simulation
INFO: [Vivado 12-5682] Launching behavioral simulation in 'C:/Users/Oliver/Documents/GitHub/Cronometro/Cronometro.sim/sim_1/behav/xsim'
INFO: [SIM-utils-51] Simulation object is 'sim_1'
INFO: [SIM-utils-54] Inspecting design source files for 'synchronizer_tb' in fileset 'sim_1'...
INFO: [USF-XSim-97] Finding global include files...
INFO: [USF-XSim-98] Fetching design files from 'sim_1'...
INFO: [USF-XSim-2] XSim::Compile design
INFO: [USF-XSim-61] Executing 'COMPILE and ANALYZE' step in 'C:/Users/Oliver/Documents/GitHub/Cronometro/Cronometro.sim/sim_1/behav/xsim'
"xvhdl --incr --relax -prj synchronizer_tb_vhdl.prj"
INFO: [VRFC 10-163] Analyzing VHDL file "C:/Users/Oliver/Documents/GitHub/Cronometro/Cronometro.srcs/sim_1/new/synchronizer_tb.vhd" into library xil_defaultlib
INFO: [VRFC 10-307] analyzing entity synchronizer_tb
INFO: [USF-XSim-69] 'compile' step finished in '2' seconds
INFO: [USF-XSim-3] XSim::Elaborate design
INFO: [USF-XSim-61] Executing 'ELABORATE' step in 'C:/Users/Oliver/Documents/GitHub/Cronometro/Cronometro.sim/sim_1/behav/xsim'
Vivado Simulator 2018.2
Copyright 1986-1999, 2001-2018 Xilinx, Inc. All Rights Reserved.
Running: D:/Xilinx/Vivado/2018.2/bin/unwrapped/win64.o/xelab.exe -wto 46b5feb112264539bcd058e79275b368 --incr --debug typical --relax --mt 2 -L xil_defaultlib -L secureip --snapshot synchronizer_tb_behav xil_defaultlib.synchronizer_tb -log elaborate.log 
Using 2 slave threads.
Starting static elaboration
Completed static elaboration
Starting simulation data flow analysis
Completed simulation data flow analysis
Time Resolution for simulation is 1ps
Compiling package std.standard
Compiling package std.textio
Compiling package ieee.std_logic_1164
Compiling architecture behavioral of entity xil_defaultlib.synchronizer [synchronizer_default]
Compiling architecture behavioral of entity xil_defaultlib.synchronizer_tb
Built simulation snapshot synchronizer_tb_behav
INFO: [USF-XSim-69] 'elaborate' step finished in '2' seconds
INFO: [USF-XSim-4] XSim::Simulate design
INFO: [USF-XSim-61] Executing 'SIMULATE' step in 'C:/Users/Oliver/Documents/GitHub/Cronometro/Cronometro.sim/sim_1/behav/xsim'
INFO: [USF-XSim-98] *** Running xsim
   with args "synchronizer_tb_behav -key {Behavioral:sim_1:Functional:synchronizer_tb} -tclbatch {synchronizer_tb.tcl} -log {simulate.log}"
INFO: [USF-XSim-8] Loading simulator feature
Vivado Simulator 2018.2
Time resolution is 1 ps
source synchronizer_tb.tcl
# set curr_wave [current_wave_config]
# if { [string length $curr_wave] == 0 } {
#   if { [llength [get_objects]] > 0} {
#     add_wave /
#     set_property needs_save false [current_wave_config]
#   } else {
#      send_msg_id Add_Wave-1 WARNING "No top level signals found. Simulator will start without a wave window. If you want to open a wave window go to 'File->New Waveform Configuration' or type 'create_wave_config' in the TCL console."
#   }
# }
# run 600 ms
INFO: [USF-XSim-96] XSim completed. Design snapshot 'synchronizer_tb_behav' loaded.
INFO: [USF-XSim-97] XSim simulation ran for 600 ms
launch_simulation: Time (s): cpu = 00:00:01 ; elapsed = 00:00:06 . Memory (MB): peak = 831.656 ; gain = 0.000
close_sim
INFO: [Simtcl 6-16] Simulation closed
launch_simulation
INFO: [Vivado 12-5682] Launching behavioral simulation in 'C:/Users/Oliver/Documents/GitHub/Cronometro/Cronometro.sim/sim_1/behav/xsim'
INFO: [SIM-utils-51] Simulation object is 'sim_1'
INFO: [SIM-utils-54] Inspecting design source files for 'synchronizer_tb' in fileset 'sim_1'...
INFO: [USF-XSim-97] Finding global include files...
INFO: [USF-XSim-98] Fetching design files from 'sim_1'...
INFO: [USF-XSim-2] XSim::Compile design
INFO: [USF-XSim-61] Executing 'COMPILE and ANALYZE' step in 'C:/Users/Oliver/Documents/GitHub/Cronometro/Cronometro.sim/sim_1/behav/xsim'
"xvhdl --incr --relax -prj synchronizer_tb_vhdl.prj"
INFO: [VRFC 10-163] Analyzing VHDL file "C:/Users/Oliver/Documents/GitHub/Cronometro/Cronometro.srcs/sim_1/new/synchronizer_tb.vhd" into library xil_defaultlib
INFO: [VRFC 10-307] analyzing entity synchronizer_tb
INFO: [USF-XSim-69] 'compile' step finished in '2' seconds
INFO: [USF-XSim-3] XSim::Elaborate design
INFO: [USF-XSim-61] Executing 'ELABORATE' step in 'C:/Users/Oliver/Documents/GitHub/Cronometro/Cronometro.sim/sim_1/behav/xsim'
Vivado Simulator 2018.2
Copyright 1986-1999, 2001-2018 Xilinx, Inc. All Rights Reserved.
Running: D:/Xilinx/Vivado/2018.2/bin/unwrapped/win64.o/xelab.exe -wto 46b5feb112264539bcd058e79275b368 --incr --debug typical --relax --mt 2 -L xil_defaultlib -L secureip --snapshot synchronizer_tb_behav xil_defaultlib.synchronizer_tb -log elaborate.log 
Using 2 slave threads.
Starting static elaboration
Completed static elaboration
Starting simulation data flow analysis
Completed simulation data flow analysis
Time Resolution for simulation is 1ps
Compiling package std.standard
Compiling package std.textio
Compiling package ieee.std_logic_1164
Compiling architecture behavioral of entity xil_defaultlib.synchronizer [synchronizer_default]
Compiling architecture behavioral of entity xil_defaultlib.synchronizer_tb
Built simulation snapshot synchronizer_tb_behav
INFO: [USF-XSim-69] 'elaborate' step finished in '2' seconds
INFO: [USF-XSim-4] XSim::Simulate design
INFO: [USF-XSim-61] Executing 'SIMULATE' step in 'C:/Users/Oliver/Documents/GitHub/Cronometro/Cronometro.sim/sim_1/behav/xsim'
INFO: [USF-XSim-98] *** Running xsim
   with args "synchronizer_tb_behav -key {Behavioral:sim_1:Functional:synchronizer_tb} -tclbatch {synchronizer_tb.tcl} -log {simulate.log}"
INFO: [USF-XSim-8] Loading simulator feature
Vivado Simulator 2018.2
Time resolution is 1 ps
source synchronizer_tb.tcl
# set curr_wave [current_wave_config]
# if { [string length $curr_wave] == 0 } {
#   if { [llength [get_objects]] > 0} {
#     add_wave /
#     set_property needs_save false [current_wave_config]
#   } else {
#      send_msg_id Add_Wave-1 WARNING "No top level signals found. Simulator will start without a wave window. If you want to open a wave window go to 'File->New Waveform Configuration' or type 'create_wave_config' in the TCL console."
#   }
# }
# run 600 ms
INFO: [USF-XSim-96] XSim completed. Design snapshot 'synchronizer_tb_behav' loaded.
INFO: [USF-XSim-97] XSim simulation ran for 600 ms
launch_simulation: Time (s): cpu = 00:00:02 ; elapsed = 00:00:06 . Memory (MB): peak = 831.656 ; gain = 0.000
close_sim
INFO: [Simtcl 6-16] Simulation closed
launch_simulation
INFO: [Vivado 12-5682] Launching behavioral simulation in 'C:/Users/Oliver/Documents/GitHub/Cronometro/Cronometro.sim/sim_1/behav/xsim'
INFO: [SIM-utils-51] Simulation object is 'sim_1'
INFO: [SIM-utils-54] Inspecting design source files for 'synchronizer_tb' in fileset 'sim_1'...
INFO: [USF-XSim-97] Finding global include files...
INFO: [USF-XSim-98] Fetching design files from 'sim_1'...
INFO: [USF-XSim-2] XSim::Compile design
INFO: [USF-XSim-61] Executing 'COMPILE and ANALYZE' step in 'C:/Users/Oliver/Documents/GitHub/Cronometro/Cronometro.sim/sim_1/behav/xsim'
"xvhdl --incr --relax -prj synchronizer_tb_vhdl.prj"
INFO: [VRFC 10-163] Analyzing VHDL file "C:/Users/Oliver/Documents/GitHub/Cronometro/Cronometro.srcs/sim_1/new/synchronizer_tb.vhd" into library xil_defaultlib
INFO: [VRFC 10-307] analyzing entity synchronizer_tb
INFO: [USF-XSim-69] 'compile' step finished in '1' seconds
INFO: [USF-XSim-3] XSim::Elaborate design
INFO: [USF-XSim-61] Executing 'ELABORATE' step in 'C:/Users/Oliver/Documents/GitHub/Cronometro/Cronometro.sim/sim_1/behav/xsim'
Vivado Simulator 2018.2
Copyright 1986-1999, 2001-2018 Xilinx, Inc. All Rights Reserved.
Running: D:/Xilinx/Vivado/2018.2/bin/unwrapped/win64.o/xelab.exe -wto 46b5feb112264539bcd058e79275b368 --incr --debug typical --relax --mt 2 -L xil_defaultlib -L secureip --snapshot synchronizer_tb_behav xil_defaultlib.synchronizer_tb -log elaborate.log 
Using 2 slave threads.
Starting static elaboration
Completed static elaboration
Starting simulation data flow analysis
Completed simulation data flow analysis
Time Resolution for simulation is 1ps
Compiling package std.standard
Compiling package std.textio
Compiling package ieee.std_logic_1164
Compiling architecture behavioral of entity xil_defaultlib.synchronizer [synchronizer_default]
Compiling architecture behavioral of entity xil_defaultlib.synchronizer_tb
Built simulation snapshot synchronizer_tb_behav
INFO: [USF-XSim-69] 'elaborate' step finished in '2' seconds
INFO: [USF-XSim-4] XSim::Simulate design
INFO: [USF-XSim-61] Executing 'SIMULATE' step in 'C:/Users/Oliver/Documents/GitHub/Cronometro/Cronometro.sim/sim_1/behav/xsim'
INFO: [USF-XSim-98] *** Running xsim
   with args "synchronizer_tb_behav -key {Behavioral:sim_1:Functional:synchronizer_tb} -tclbatch {synchronizer_tb.tcl} -log {simulate.log}"
INFO: [USF-XSim-8] Loading simulator feature
Vivado Simulator 2018.2
Time resolution is 1 ps
source synchronizer_tb.tcl
# set curr_wave [current_wave_config]
# if { [string length $curr_wave] == 0 } {
#   if { [llength [get_objects]] > 0} {
#     add_wave /
#     set_property needs_save false [current_wave_config]
#   } else {
#      send_msg_id Add_Wave-1 WARNING "No top level signals found. Simulator will start without a wave window. If you want to open a wave window go to 'File->New Waveform Configuration' or type 'create_wave_config' in the TCL console."
#   }
# }
# run 600 ms
INFO: [USF-XSim-96] XSim completed. Design snapshot 'synchronizer_tb_behav' loaded.
INFO: [USF-XSim-97] XSim simulation ran for 600 ms
launch_simulation: Time (s): cpu = 00:00:01 ; elapsed = 00:00:06 . Memory (MB): peak = 831.656 ; gain = 0.000
close_sim
INFO: [Simtcl 6-16] Simulation closed
close_sim
INFO: [Simtcl 6-16] Simulation closed
exit
INFO: [Common 17-206] Exiting Vivado at Thu Dec 27 17:06:09 2018...
