Copyright 1986-2018 Xilinx, Inc. All Rights Reserved.
----------------------------------------------------------------------------------------
| Tool Version : Vivado v.2018.2 (win64) Build 2258646 Thu Jun 14 20:03:12 MDT 2018
| Date         : Wed Dec 26 12:59:14 2018
| Host         : MSI-PC running 64-bit major release  (build 9200)
| Command      : report_control_sets -verbose -file clk_divider_control_sets_placed.rpt
| Design       : clk_divider
| Device       : xc7a100t
----------------------------------------------------------------------------------------

Control Set Information

Table of Contents
-----------------
1. Summary
2. Histogram
3. Flip-Flop Distribution
4. Detailed Control Set Information

1. Summary
----------

+----------------------------------------------------------+-------+
|                          Status                          | Count |
+----------------------------------------------------------+-------+
| Number of unique control sets                            |     3 |
| Unused register locations in slices containing registers |     4 |
+----------------------------------------------------------+-------+


2. Histogram
------------

+--------+--------------+
| Fanout | Control Sets |
+--------+--------------+
|      4 |            1 |
|    16+ |            2 |
+--------+--------------+


3. Flip-Flop Distribution
-------------------------

+--------------+-----------------------+------------------------+-----------------+--------------+
| Clock Enable | Synchronous Set/Reset | Asynchronous Set/Reset | Total Registers | Total Slices |
+--------------+-----------------------+------------------------+-----------------+--------------+
| No           | No                    | No                     |               0 |            0 |
| No           | No                    | Yes                    |               4 |            2 |
| No           | Yes                   | No                     |               0 |            0 |
| Yes          | No                    | No                     |               0 |            0 |
| Yes          | No                    | Yes                    |             128 |           26 |
| Yes          | Yes                   | No                     |               0 |            0 |
+--------------+-----------------------+------------------------+-----------------+--------------+


4. Detailed Control Set Information
-----------------------------------

+----------------+-------------------+------------------+------------------+----------------+
|  Clock Signal  |   Enable Signal   | Set/Reset Signal | Slice Load Count | Bel Load Count |
+----------------+-------------------+------------------+------------------+----------------+
|  clk_IBUF_BUFG |                   | reset_IBUF       |                2 |              4 |
|  clk_IBUF_BUFG | cont1[31]_i_1_n_0 | reset_IBUF       |               13 |             64 |
|  clk_IBUF_BUFG | cont2             | reset_IBUF       |               13 |             64 |
+----------------+-------------------+------------------+------------------+----------------+


