Vivado Simulator 2018.2
Copyright 1986-1999, 2001-2018 Xilinx, Inc. All Rights Reserved.
Running: D:/Xilinx/Vivado/2018.2/bin/unwrapped/win64.o/xelab.exe -wto 46b5feb112264539bcd058e79275b368 --incr --debug typical --relax --mt 2 -L xil_defaultlib -L secureip --snapshot top_tb_behav xil_defaultlib.top_tb -log elaborate.log 
Using 2 slave threads.
Starting static elaboration
Completed static elaboration
Starting simulation data flow analysis
Completed simulation data flow analysis
Time Resolution for simulation is 1ps
Compiling package std.standard
Compiling package std.textio
Compiling package ieee.std_logic_1164
Compiling package ieee.numeric_std
Compiling architecture behavioral of entity xil_defaultlib.clk_divider [clk_divider_default]
Compiling architecture behavioral of entity xil_defaultlib.debouncer [debouncer_default]
Compiling architecture behavioral of entity xil_defaultlib.synchronizer [synchronizer_default]
Compiling architecture behavioral of entity xil_defaultlib.deb_sync_top [deb_sync_top_default]
Compiling architecture behavioral of entity xil_defaultlib.counter [\counter(max=6)\]
Compiling architecture behavioral of entity xil_defaultlib.counter [counter_default]
Compiling architecture behavioral of entity xil_defaultlib.load_counter [load_counter_default]
Compiling architecture behavioral of entity xil_defaultlib.contador_top [contador_top_default]
Compiling architecture behavioral of entity xil_defaultlib.alarma [alarma_default]
Compiling architecture behavioral of entity xil_defaultlib.decoder_dec [decoder_dec_default]
Compiling architecture behavioral of entity xil_defaultlib.display_refresh [display_refresh_default]
Compiling architecture behavioral of entity xil_defaultlib.top [top_default]
Compiling architecture behavioral of entity xil_defaultlib.top_tb
Built simulation snapshot top_tb_behav
